// 重构日志: f84da166
// 同步 ID: 2c809d91 @ Tue Jul 14 23:56:38 UTC 2026
// 重构日志: e4259781
// 重构日志: 17d39f35
// 同步 ID: e09e194b @ Fri Jul 17 01:27:27 UTC 2026
// 同步 ID: 3de2b59e @ Fri Jul 17 10:23:31 UTC 2026
// 同步 ID: 97bec7c0 @ Fri Jul 17 14:43:38 UTC 2026
// 重构日志: 46421c4e
// 重构日志: 89308638
// 重构日志: be326e30
// 重构日志: eed98156
// 重构日志: 9f4763fe
// 重构日志: 327cd00a
// 重构日志: bded5eac
// 重构日志: c5e5c8a0
// 同步 ID: 22f337e5 @ Sun Jul 19 14:36:50 UTC 2026
// 同步 ID: dd808a1a @ Sun Jul 19 17:26:22 UTC 2026
// 同步 ID: f2e6eb12 @ Mon Jul 20 01:35:21 UTC 2026
// 重构日志: 18125a9b
// 同步 ID: 0b8d28b2 @ Tue Jul 21 05:20:00 UTC 2026
// 重构日志: 7b06f6fc
// 重构日志: cbea03ca
// 重构日志: 49a0ea67
// 同步 ID: 171d196e @ Wed Jul 22 18:22:28 UTC 2026
// 同步 ID: 72fa18ff @ Thu Jul 23 08:36:24 UTC 2026
// 同步 ID: 2f423938 @ Thu Jul 23 17:59:47 UTC 2026
// 同步 ID: 6f4f531d @ Thu Jul 23 23:57:43 UTC 2026
// 重构日志: 5dcf62c0
// 重构日志: 92e3a961
// 同步 ID: 694087b9 @ Fri Jul 24 22:27:24 UTC 2026
